-------------------------------------------------------------------------------
Test set: com.example.taskManagement.services.TaskServiceTest
-------------------------------------------------------------------------------
Tests run: 2, Failures: 1, Errors: 0, Skipped: 0, Time elapsed: 0.863 s <<< FAILURE! -- in com.example.taskManagement.services.TaskServiceTest
com.example.taskManagement.services.TaskServiceTest.updateTask_whenTaskExists_thenUpdateAndReturnTask -- Time elapsed: 0.816 s <<< FAILURE!
org.opentest4j.AssertionFailedError: expected: <updated description> but was: <Updated Description>
	at org.junit.jupiter.api.AssertionFailureBuilder.build(AssertionFailureBuilder.java:151)
	at org.junit.jupiter.api.AssertionFailureBuilder.buildAndThrow(AssertionFailureBuilder.java:132)
	at org.junit.jupiter.api.AssertEquals.failNotEqual(AssertEquals.java:197)
	at org.junit.jupiter.api.AssertEquals.assertEquals(AssertEquals.java:182)
	at org.junit.jupiter.api.AssertEquals.assertEquals(AssertEquals.java:177)
	at org.junit.jupiter.api.Assertions.assertEquals(Assertions.java:1145)
	at com.example.taskManagement.services.TaskServiceTest.updateTask_whenTaskExists_thenUpdateAndReturnTask(TaskServiceTest.java:147)
	at java.base/java.lang.reflect.Method.invoke(Method.java:568)
	at java.base/java.util.ArrayList.forEach(ArrayList.java:1511)
	at java.base/java.util.ArrayList.forEach(ArrayList.java:1511)

